CRITICAL - 2022-04-13 09:27:52 --> Call to undefined function user()
#0 C:\xampp\htdocs\pemsim\system\View\View.php(210): include()
#1 C:\xampp\htdocs\pemsim\system\View\View.php(213): CodeIgniter\View\View->CodeIgniter\View\{closure}()
#2 C:\xampp\htdocs\pemsim\system\View\View.php(424): CodeIgniter\View\View->render('layouts/compone...', NULL, true)
#3 C:\xampp\htdocs\pemsim\app\Views\layouts\admin.php(31): CodeIgniter\View\View->include('layouts/compone...')
#4 C:\xampp\htdocs\pemsim\system\View\View.php(210): include('C:\\xampp\\htdocs...')
#5 C:\xampp\htdocs\pemsim\system\View\View.php(213): CodeIgniter\View\View->CodeIgniter\View\{closure}()
#6 C:\xampp\htdocs\pemsim\system\View\View.php(226): CodeIgniter\View\View->render('layouts/admin', Array, true)
#7 C:\xampp\htdocs\pemsim\system\Common.php(1089): CodeIgniter\View\View->render('index2.php', Array, true)
#8 C:\xampp\htdocs\pemsim\app\Controllers\Home.php(9): view('index2.php')
#9 C:\xampp\htdocs\pemsim\system\CodeIgniter.php(832): App\Controllers\Home->index()
#10 C:\xampp\htdocs\pemsim\system\CodeIgniter.php(419): CodeIgniter\CodeIgniter->runController(Object(App\Controllers\Home))
#11 C:\xampp\htdocs\pemsim\system\CodeIgniter.php(326): CodeIgniter\CodeIgniter->handleRequest(NULL, Object(Config\Cache), false)
#12 C:\xampp\htdocs\pemsim\public\index.php(37): CodeIgniter\CodeIgniter->run()
#13 C:\xampp\htdocs\pemsim\system\Commands\Server\rewrite.php(43): require_once('C:\\xampp\\htdocs...')
#14 {main}
CRITICAL - 2022-04-13 11:42:54 --> Argument 2 passed to CodeIgniter\HTTP\RedirectResponse::to() must be of the type int or null, array given, called in C:\xampp\htdocs\pemsim\app\Controllers\Home.php on line 51
#0 C:\xampp\htdocs\pemsim\app\Controllers\Home.php(51): CodeIgniter\HTTP\RedirectResponse->to('/input', Array)
#1 C:\xampp\htdocs\pemsim\system\CodeIgniter.php(832): App\Controllers\Home->tambah_data()
#2 C:\xampp\htdocs\pemsim\system\CodeIgniter.php(419): CodeIgniter\CodeIgniter->runController(Object(App\Controllers\Home))
#3 C:\xampp\htdocs\pemsim\system\CodeIgniter.php(326): CodeIgniter\CodeIgniter->handleRequest(NULL, Object(Config\Cache), false)
#4 C:\xampp\htdocs\pemsim\public\index.php(37): CodeIgniter\CodeIgniter->run()
#5 C:\xampp\htdocs\pemsim\system\Commands\Server\rewrite.php(43): require_once('C:\\xampp\\htdocs...')
#6 {main}
CRITICAL - 2022-04-13 12:06:00 --> Call to undefined method CodeIgniter\Validation\Validation::listError()
#0 C:\xampp\htdocs\pemsim\system\View\View.php(210): include()
#1 C:\xampp\htdocs\pemsim\system\View\View.php(213): CodeIgniter\View\View->CodeIgniter\View\{closure}()
#2 C:\xampp\htdocs\pemsim\system\Common.php(1089): CodeIgniter\View\View->render('input_manual', Array, true)
#3 C:\xampp\htdocs\pemsim\app\Controllers\Home.php(37): view('input_manual', Array)
#4 C:\xampp\htdocs\pemsim\system\CodeIgniter.php(832): App\Controllers\Home->input()
#5 C:\xampp\htdocs\pemsim\system\CodeIgniter.php(419): CodeIgniter\CodeIgniter->runController(Object(App\Controllers\Home))
#6 C:\xampp\htdocs\pemsim\system\CodeIgniter.php(326): CodeIgniter\CodeIgniter->handleRequest(NULL, Object(Config\Cache), false)
#7 C:\xampp\htdocs\pemsim\public\index.php(37): CodeIgniter\CodeIgniter->run()
#8 C:\xampp\htdocs\pemsim\system\Commands\Server\rewrite.php(43): require_once('C:\\xampp\\htdocs...')
#9 {main}
CRITICAL - 2022-04-13 12:06:00 --> Call to undefined method CodeIgniter\Validation\Validation::listError()
#0 C:\xampp\htdocs\pemsim\system\View\View.php(210): include()
#1 C:\xampp\htdocs\pemsim\system\View\View.php(213): CodeIgniter\View\View->CodeIgniter\View\{closure}()
#2 C:\xampp\htdocs\pemsim\system\Common.php(1089): CodeIgniter\View\View->render('input_manual', Array, true)
#3 C:\xampp\htdocs\pemsim\app\Controllers\Home.php(37): view('input_manual', Array)
#4 C:\xampp\htdocs\pemsim\system\CodeIgniter.php(832): App\Controllers\Home->input()
#5 C:\xampp\htdocs\pemsim\system\CodeIgniter.php(419): CodeIgniter\CodeIgniter->runController(Object(App\Controllers\Home))
#6 C:\xampp\htdocs\pemsim\system\CodeIgniter.php(326): CodeIgniter\CodeIgniter->handleRequest(NULL, Object(Config\Cache), false)
#7 C:\xampp\htdocs\pemsim\public\index.php(37): CodeIgniter\CodeIgniter->run()
#8 C:\xampp\htdocs\pemsim\system\Commands\Server\rewrite.php(43): require_once('C:\\xampp\\htdocs...')
#9 {main}
CRITICAL - 2022-04-13 12:06:01 --> Call to undefined method CodeIgniter\Validation\Validation::listError()
#0 C:\xampp\htdocs\pemsim\system\View\View.php(210): include()
#1 C:\xampp\htdocs\pemsim\system\View\View.php(213): CodeIgniter\View\View->CodeIgniter\View\{closure}()
#2 C:\xampp\htdocs\pemsim\system\Common.php(1089): CodeIgniter\View\View->render('input_manual', Array, true)
#3 C:\xampp\htdocs\pemsim\app\Controllers\Home.php(37): view('input_manual', Array)
#4 C:\xampp\htdocs\pemsim\system\CodeIgniter.php(832): App\Controllers\Home->input()
#5 C:\xampp\htdocs\pemsim\system\CodeIgniter.php(419): CodeIgniter\CodeIgniter->runController(Object(App\Controllers\Home))
#6 C:\xampp\htdocs\pemsim\system\CodeIgniter.php(326): CodeIgniter\CodeIgniter->handleRequest(NULL, Object(Config\Cache), false)
#7 C:\xampp\htdocs\pemsim\public\index.php(37): CodeIgniter\CodeIgniter->run()
#8 C:\xampp\htdocs\pemsim\system\Commands\Server\rewrite.php(43): require_once('C:\\xampp\\htdocs...')
#9 {main}
CRITICAL - 2022-04-13 12:06:02 --> Call to undefined method CodeIgniter\Validation\Validation::listError()
#0 C:\xampp\htdocs\pemsim\system\View\View.php(210): include()
#1 C:\xampp\htdocs\pemsim\system\View\View.php(213): CodeIgniter\View\View->CodeIgniter\View\{closure}()
#2 C:\xampp\htdocs\pemsim\system\Common.php(1089): CodeIgniter\View\View->render('input_manual', Array, true)
#3 C:\xampp\htdocs\pemsim\app\Controllers\Home.php(37): view('input_manual', Array)
#4 C:\xampp\htdocs\pemsim\system\CodeIgniter.php(832): App\Controllers\Home->input()
#5 C:\xampp\htdocs\pemsim\system\CodeIgniter.php(419): CodeIgniter\CodeIgniter->runController(Object(App\Controllers\Home))
#6 C:\xampp\htdocs\pemsim\system\CodeIgniter.php(326): CodeIgniter\CodeIgniter->handleRequest(NULL, Object(Config\Cache), false)
#7 C:\xampp\htdocs\pemsim\public\index.php(37): CodeIgniter\CodeIgniter->run()
#8 C:\xampp\htdocs\pemsim\system\Commands\Server\rewrite.php(43): require_once('C:\\xampp\\htdocs...')
#9 {main}
CRITICAL - 2022-04-13 12:28:50 --> Undefined index: nilaiX
#0 C:\xampp\htdocs\pemsim\app\Controllers\Home.php(29): CodeIgniter\Debug\Exceptions->errorHandler(8, 'Undefined index...', 'C:\\xampp\\htdocs...', 29, Array)
#1 C:\xampp\htdocs\pemsim\system\CodeIgniter.php(832): App\Controllers\Home->input()
#2 C:\xampp\htdocs\pemsim\system\CodeIgniter.php(419): CodeIgniter\CodeIgniter->runController(Object(App\Controllers\Home))
#3 C:\xampp\htdocs\pemsim\system\CodeIgniter.php(326): CodeIgniter\CodeIgniter->handleRequest(NULL, Object(Config\Cache), false)
#4 C:\xampp\htdocs\pemsim\public\index.php(37): CodeIgniter\CodeIgniter->run()
#5 C:\xampp\htdocs\pemsim\system\Commands\Server\rewrite.php(43): require_once('C:\\xampp\\htdocs...')
#6 {main}
CRITICAL - 2022-04-13 12:45:11 --> Function name must be a string
#0 C:\xampp\htdocs\pemsim\app\Controllers\Home.php(29): App\Models\inputModel->totalX()
#1 C:\xampp\htdocs\pemsim\system\CodeIgniter.php(832): App\Controllers\Home->input()
#2 C:\xampp\htdocs\pemsim\system\CodeIgniter.php(419): CodeIgniter\CodeIgniter->runController(Object(App\Controllers\Home))
#3 C:\xampp\htdocs\pemsim\system\CodeIgniter.php(326): CodeIgniter\CodeIgniter->handleRequest(NULL, Object(Config\Cache), false)
#4 C:\xampp\htdocs\pemsim\public\index.php(37): CodeIgniter\CodeIgniter->run()
#5 C:\xampp\htdocs\pemsim\system\Commands\Server\rewrite.php(43): require_once('C:\\xampp\\htdocs...')
#6 {main}
CRITICAL - 2022-04-13 12:46:50 --> Function name must be a string
#0 C:\xampp\htdocs\pemsim\app\Controllers\Home.php(29): App\Models\inputModel->totalX()
#1 C:\xampp\htdocs\pemsim\system\CodeIgniter.php(832): App\Controllers\Home->input()
#2 C:\xampp\htdocs\pemsim\system\CodeIgniter.php(419): CodeIgniter\CodeIgniter->runController(Object(App\Controllers\Home))
#3 C:\xampp\htdocs\pemsim\system\CodeIgniter.php(326): CodeIgniter\CodeIgniter->handleRequest(NULL, Object(Config\Cache), false)
#4 C:\xampp\htdocs\pemsim\public\index.php(37): CodeIgniter\CodeIgniter->run()
#5 C:\xampp\htdocs\pemsim\system\Commands\Server\rewrite.php(43): require_once('C:\\xampp\\htdocs...')
#6 {main}
CRITICAL - 2022-04-13 13:50:24 --> Unsupported operand types
#0 C:\xampp\htdocs\pemsim\system\CodeIgniter.php(832): App\Controllers\Home->input()
#1 C:\xampp\htdocs\pemsim\system\CodeIgniter.php(419): CodeIgniter\CodeIgniter->runController(Object(App\Controllers\Home))
#2 C:\xampp\htdocs\pemsim\system\CodeIgniter.php(326): CodeIgniter\CodeIgniter->handleRequest(NULL, Object(Config\Cache), false)
#3 C:\xampp\htdocs\pemsim\public\index.php(37): CodeIgniter\CodeIgniter->run()
#4 C:\xampp\htdocs\pemsim\system\Commands\Server\rewrite.php(43): require_once('C:\\xampp\\htdocs...')
#5 {main}
CRITICAL - 2022-04-13 13:50:45 --> Unsupported operand types
#0 C:\xampp\htdocs\pemsim\system\CodeIgniter.php(832): App\Controllers\Home->input()
#1 C:\xampp\htdocs\pemsim\system\CodeIgniter.php(419): CodeIgniter\CodeIgniter->runController(Object(App\Controllers\Home))
#2 C:\xampp\htdocs\pemsim\system\CodeIgniter.php(326): CodeIgniter\CodeIgniter->handleRequest(NULL, Object(Config\Cache), false)
#3 C:\xampp\htdocs\pemsim\public\index.php(37): CodeIgniter\CodeIgniter->run()
#4 C:\xampp\htdocs\pemsim\system\Commands\Server\rewrite.php(43): require_once('C:\\xampp\\htdocs...')
#5 {main}
CRITICAL - 2022-04-13 13:51:55 --> Unsupported operand types
#0 C:\xampp\htdocs\pemsim\system\CodeIgniter.php(832): App\Controllers\Home->input()
#1 C:\xampp\htdocs\pemsim\system\CodeIgniter.php(419): CodeIgniter\CodeIgniter->runController(Object(App\Controllers\Home))
#2 C:\xampp\htdocs\pemsim\system\CodeIgniter.php(326): CodeIgniter\CodeIgniter->handleRequest(NULL, Object(Config\Cache), false)
#3 C:\xampp\htdocs\pemsim\public\index.php(37): CodeIgniter\CodeIgniter->run()
#4 C:\xampp\htdocs\pemsim\system\Commands\Server\rewrite.php(43): require_once('C:\\xampp\\htdocs...')
#5 {main}
CRITICAL - 2022-04-13 13:52:15 --> Unsupported operand types
#0 C:\xampp\htdocs\pemsim\system\CodeIgniter.php(832): App\Controllers\Home->input()
#1 C:\xampp\htdocs\pemsim\system\CodeIgniter.php(419): CodeIgniter\CodeIgniter->runController(Object(App\Controllers\Home))
#2 C:\xampp\htdocs\pemsim\system\CodeIgniter.php(326): CodeIgniter\CodeIgniter->handleRequest(NULL, Object(Config\Cache), false)
#3 C:\xampp\htdocs\pemsim\public\index.php(37): CodeIgniter\CodeIgniter->run()
#4 C:\xampp\htdocs\pemsim\system\Commands\Server\rewrite.php(43): require_once('C:\\xampp\\htdocs...')
#5 {main}
CRITICAL - 2022-04-13 13:52:45 --> Object of class stdClass could not be converted to number
#0 C:\xampp\htdocs\pemsim\app\Controllers\Home.php(36): CodeIgniter\Debug\Exceptions->errorHandler(8, 'Object of class...', 'C:\\xampp\\htdocs...', 36, Array)
#1 C:\xampp\htdocs\pemsim\system\CodeIgniter.php(832): App\Controllers\Home->input()
#2 C:\xampp\htdocs\pemsim\system\CodeIgniter.php(419): CodeIgniter\CodeIgniter->runController(Object(App\Controllers\Home))
#3 C:\xampp\htdocs\pemsim\system\CodeIgniter.php(326): CodeIgniter\CodeIgniter->handleRequest(NULL, Object(Config\Cache), false)
#4 C:\xampp\htdocs\pemsim\public\index.php(37): CodeIgniter\CodeIgniter->run()
#5 C:\xampp\htdocs\pemsim\system\Commands\Server\rewrite.php(43): require_once('C:\\xampp\\htdocs...')
#6 {main}
CRITICAL - 2022-04-13 13:55:37 --> Unsupported operand types
#0 C:\xampp\htdocs\pemsim\system\CodeIgniter.php(832): App\Controllers\Home->input()
#1 C:\xampp\htdocs\pemsim\system\CodeIgniter.php(419): CodeIgniter\CodeIgniter->runController(Object(App\Controllers\Home))
#2 C:\xampp\htdocs\pemsim\system\CodeIgniter.php(326): CodeIgniter\CodeIgniter->handleRequest(NULL, Object(Config\Cache), false)
#3 C:\xampp\htdocs\pemsim\public\index.php(37): CodeIgniter\CodeIgniter->run()
#4 C:\xampp\htdocs\pemsim\system\Commands\Server\rewrite.php(43): require_once('C:\\xampp\\htdocs...')
#5 {main}
CRITICAL - 2022-04-13 13:57:58 --> Unsupported operand types
#0 C:\xampp\htdocs\pemsim\system\CodeIgniter.php(832): App\Controllers\Home->input()
#1 C:\xampp\htdocs\pemsim\system\CodeIgniter.php(419): CodeIgniter\CodeIgniter->runController(Object(App\Controllers\Home))
#2 C:\xampp\htdocs\pemsim\system\CodeIgniter.php(326): CodeIgniter\CodeIgniter->handleRequest(NULL, Object(Config\Cache), false)
#3 C:\xampp\htdocs\pemsim\public\index.php(37): CodeIgniter\CodeIgniter->run()
#4 C:\xampp\htdocs\pemsim\system\Commands\Server\rewrite.php(43): require_once('C:\\xampp\\htdocs...')
#5 {main}
CRITICAL - 2022-04-13 14:02:56 --> Call to undefined method App\Models\inputModel::totaX_kuadrat
#0 C:\xampp\htdocs\pemsim\app\Controllers\Home.php(36): CodeIgniter\Model->__call('totaX_kuadrat', Array)
#1 C:\xampp\htdocs\pemsim\system\CodeIgniter.php(832): App\Controllers\Home->input()
#2 C:\xampp\htdocs\pemsim\system\CodeIgniter.php(419): CodeIgniter\CodeIgniter->runController(Object(App\Controllers\Home))
#3 C:\xampp\htdocs\pemsim\system\CodeIgniter.php(326): CodeIgniter\CodeIgniter->handleRequest(NULL, Object(Config\Cache), false)
#4 C:\xampp\htdocs\pemsim\public\index.php(37): CodeIgniter\CodeIgniter->run()
#5 C:\xampp\htdocs\pemsim\system\Commands\Server\rewrite.php(43): require_once('C:\\xampp\\htdocs...')
#6 {main}
CRITICAL - 2022-04-13 14:50:41 --> Undefined variable: nilaiY
#0 C:\xampp\htdocs\pemsim\app\Views\input_manual_hasil.php(52): CodeIgniter\Debug\Exceptions->errorHandler(8, 'Undefined varia...', 'C:\\xampp\\htdocs...', 52, Array)
#1 C:\xampp\htdocs\pemsim\system\View\View.php(210): include('C:\\xampp\\htdocs...')
#2 C:\xampp\htdocs\pemsim\system\View\View.php(213): CodeIgniter\View\View->CodeIgniter\View\{closure}()
#3 C:\xampp\htdocs\pemsim\system\Common.php(1089): CodeIgniter\View\View->render('input_manual_ha...', Array, true)
#4 C:\xampp\htdocs\pemsim\app\Controllers\Home.php(112): view('input_manual_ha...', Array)
#5 C:\xampp\htdocs\pemsim\system\CodeIgniter.php(832): App\Controllers\Home->input_hasil()
#6 C:\xampp\htdocs\pemsim\system\CodeIgniter.php(419): CodeIgniter\CodeIgniter->runController(Object(App\Controllers\Home))
#7 C:\xampp\htdocs\pemsim\system\CodeIgniter.php(326): CodeIgniter\CodeIgniter->handleRequest(NULL, Object(Config\Cache), false)
#8 C:\xampp\htdocs\pemsim\public\index.php(37): CodeIgniter\CodeIgniter->run()
#9 C:\xampp\htdocs\pemsim\system\Commands\Server\rewrite.php(43): require_once('C:\\xampp\\htdocs...')
#10 {main}
CRITICAL - 2022-04-13 14:54:09 --> syntax error, unexpected ':', expecting ';'
#0 C:\xampp\htdocs\pemsim\system\View\View.php(213): CodeIgniter\View\View->CodeIgniter\View\{closure}()
#1 C:\xampp\htdocs\pemsim\system\Common.php(1089): CodeIgniter\View\View->render('input_manual_ha...', Array, true)
#2 C:\xampp\htdocs\pemsim\app\Controllers\Home.php(114): view('input_manual_ha...', Array)
#3 C:\xampp\htdocs\pemsim\system\CodeIgniter.php(832): App\Controllers\Home->input_hasil()
#4 C:\xampp\htdocs\pemsim\system\CodeIgniter.php(419): CodeIgniter\CodeIgniter->runController(Object(App\Controllers\Home))
#5 C:\xampp\htdocs\pemsim\system\CodeIgniter.php(326): CodeIgniter\CodeIgniter->handleRequest(NULL, Object(Config\Cache), false)
#6 C:\xampp\htdocs\pemsim\public\index.php(37): CodeIgniter\CodeIgniter->run()
#7 C:\xampp\htdocs\pemsim\system\Commands\Server\rewrite.php(43): require_once('C:\\xampp\\htdocs...')
#8 {main}
CRITICAL - 2022-04-13 14:54:19 --> Undefined variable: nilaiY
#0 C:\xampp\htdocs\pemsim\app\Views\input_manual_hasil.php(49): CodeIgniter\Debug\Exceptions->errorHandler(8, 'Undefined varia...', 'C:\\xampp\\htdocs...', 49, Array)
#1 C:\xampp\htdocs\pemsim\system\View\View.php(210): include('C:\\xampp\\htdocs...')
#2 C:\xampp\htdocs\pemsim\system\View\View.php(213): CodeIgniter\View\View->CodeIgniter\View\{closure}()
#3 C:\xampp\htdocs\pemsim\system\Common.php(1089): CodeIgniter\View\View->render('input_manual_ha...', Array, true)
#4 C:\xampp\htdocs\pemsim\app\Controllers\Home.php(114): view('input_manual_ha...', Array)
#5 C:\xampp\htdocs\pemsim\system\CodeIgniter.php(832): App\Controllers\Home->input_hasil()
#6 C:\xampp\htdocs\pemsim\system\CodeIgniter.php(419): CodeIgniter\CodeIgniter->runController(Object(App\Controllers\Home))
#7 C:\xampp\htdocs\pemsim\system\CodeIgniter.php(326): CodeIgniter\CodeIgniter->handleRequest(NULL, Object(Config\Cache), false)
#8 C:\xampp\htdocs\pemsim\public\index.php(37): CodeIgniter\CodeIgniter->run()
#9 C:\xampp\htdocs\pemsim\system\Commands\Server\rewrite.php(43): require_once('C:\\xampp\\htdocs...')
#10 {main}
CRITICAL - 2022-04-13 14:56:35 --> Undefined variable: nilaiY
#0 C:\xampp\htdocs\pemsim\app\Views\input_manual_hasil.php(49): CodeIgniter\Debug\Exceptions->errorHandler(8, 'Undefined varia...', 'C:\\xampp\\htdocs...', 49, Array)
#1 C:\xampp\htdocs\pemsim\system\View\View.php(210): include('C:\\xampp\\htdocs...')
#2 C:\xampp\htdocs\pemsim\system\View\View.php(213): CodeIgniter\View\View->CodeIgniter\View\{closure}()
#3 C:\xampp\htdocs\pemsim\system\Common.php(1089): CodeIgniter\View\View->render('input_manual_ha...', Array, true)
#4 C:\xampp\htdocs\pemsim\app\Controllers\Home.php(114): view('input_manual_ha...', Array)
#5 C:\xampp\htdocs\pemsim\system\CodeIgniter.php(832): App\Controllers\Home->input_hasil()
#6 C:\xampp\htdocs\pemsim\system\CodeIgniter.php(419): CodeIgniter\CodeIgniter->runController(Object(App\Controllers\Home))
#7 C:\xampp\htdocs\pemsim\system\CodeIgniter.php(326): CodeIgniter\CodeIgniter->handleRequest(NULL, Object(Config\Cache), false)
#8 C:\xampp\htdocs\pemsim\public\index.php(37): CodeIgniter\CodeIgniter->run()
#9 C:\xampp\htdocs\pemsim\system\Commands\Server\rewrite.php(43): require_once('C:\\xampp\\htdocs...')
#10 {main}
CRITICAL - 2022-04-13 14:56:36 --> Undefined variable: nilaiY
#0 C:\xampp\htdocs\pemsim\app\Views\input_manual_hasil.php(49): CodeIgniter\Debug\Exceptions->errorHandler(8, 'Undefined varia...', 'C:\\xampp\\htdocs...', 49, Array)
#1 C:\xampp\htdocs\pemsim\system\View\View.php(210): include('C:\\xampp\\htdocs...')
#2 C:\xampp\htdocs\pemsim\system\View\View.php(213): CodeIgniter\View\View->CodeIgniter\View\{closure}()
#3 C:\xampp\htdocs\pemsim\system\Common.php(1089): CodeIgniter\View\View->render('input_manual_ha...', Array, true)
#4 C:\xampp\htdocs\pemsim\app\Controllers\Home.php(114): view('input_manual_ha...', Array)
#5 C:\xampp\htdocs\pemsim\system\CodeIgniter.php(832): App\Controllers\Home->input_hasil()
#6 C:\xampp\htdocs\pemsim\system\CodeIgniter.php(419): CodeIgniter\CodeIgniter->runController(Object(App\Controllers\Home))
#7 C:\xampp\htdocs\pemsim\system\CodeIgniter.php(326): CodeIgniter\CodeIgniter->handleRequest(NULL, Object(Config\Cache), false)
#8 C:\xampp\htdocs\pemsim\public\index.php(37): CodeIgniter\CodeIgniter->run()
#9 C:\xampp\htdocs\pemsim\system\Commands\Server\rewrite.php(43): require_once('C:\\xampp\\htdocs...')
#10 {main}
CRITICAL - 2022-04-13 14:56:41 --> Undefined variable: nilaiY
#0 C:\xampp\htdocs\pemsim\app\Views\input_manual_hasil.php(49): CodeIgniter\Debug\Exceptions->errorHandler(8, 'Undefined varia...', 'C:\\xampp\\htdocs...', 49, Array)
#1 C:\xampp\htdocs\pemsim\system\View\View.php(210): include('C:\\xampp\\htdocs...')
#2 C:\xampp\htdocs\pemsim\system\View\View.php(213): CodeIgniter\View\View->CodeIgniter\View\{closure}()
#3 C:\xampp\htdocs\pemsim\system\Common.php(1089): CodeIgniter\View\View->render('input_manual_ha...', Array, true)
#4 C:\xampp\htdocs\pemsim\app\Controllers\Home.php(114): view('input_manual_ha...', Array)
#5 C:\xampp\htdocs\pemsim\system\CodeIgniter.php(832): App\Controllers\Home->input_hasil()
#6 C:\xampp\htdocs\pemsim\system\CodeIgniter.php(419): CodeIgniter\CodeIgniter->runController(Object(App\Controllers\Home))
#7 C:\xampp\htdocs\pemsim\system\CodeIgniter.php(326): CodeIgniter\CodeIgniter->handleRequest(NULL, Object(Config\Cache), false)
#8 C:\xampp\htdocs\pemsim\public\index.php(37): CodeIgniter\CodeIgniter->run()
#9 C:\xampp\htdocs\pemsim\system\Commands\Server\rewrite.php(43): require_once('C:\\xampp\\htdocs...')
#10 {main}
CRITICAL - 2022-04-13 14:57:01 --> Undefined variable: nB
#0 C:\xampp\htdocs\pemsim\app\Controllers\Home.php(123): CodeIgniter\Debug\Exceptions->errorHandler(8, 'Undefined varia...', 'C:\\xampp\\htdocs...', 123, Array)
#1 C:\xampp\htdocs\pemsim\system\CodeIgniter.php(832): App\Controllers\Home->hasil_final()
#2 C:\xampp\htdocs\pemsim\system\CodeIgniter.php(419): CodeIgniter\CodeIgniter->runController(Object(App\Controllers\Home))
#3 C:\xampp\htdocs\pemsim\system\CodeIgniter.php(326): CodeIgniter\CodeIgniter->handleRequest(NULL, Object(Config\Cache), false)
#4 C:\xampp\htdocs\pemsim\public\index.php(37): CodeIgniter\CodeIgniter->run()
#5 C:\xampp\htdocs\pemsim\system\Commands\Server\rewrite.php(43): require_once('C:\\xampp\\htdocs...')
#6 {main}
CRITICAL - 2022-04-13 15:31:14 --> Undefined variable: validation
#0 C:\xampp\htdocs\pemsim\app\Views\input_manual_hasil.php(39): CodeIgniter\Debug\Exceptions->errorHandler(8, 'Undefined varia...', 'C:\\xampp\\htdocs...', 39, Array)
#1 C:\xampp\htdocs\pemsim\system\View\View.php(210): include('C:\\xampp\\htdocs...')
#2 C:\xampp\htdocs\pemsim\system\View\View.php(213): CodeIgniter\View\View->CodeIgniter\View\{closure}()
#3 C:\xampp\htdocs\pemsim\system\Common.php(1089): CodeIgniter\View\View->render('input_manual_ha...', Array, true)
#4 C:\xampp\htdocs\pemsim\app\Controllers\Home.php(115): view('input_manual_ha...', Array)
#5 C:\xampp\htdocs\pemsim\system\CodeIgniter.php(832): App\Controllers\Home->input_hasil()
#6 C:\xampp\htdocs\pemsim\system\CodeIgniter.php(419): CodeIgniter\CodeIgniter->runController(Object(App\Controllers\Home))
#7 C:\xampp\htdocs\pemsim\system\CodeIgniter.php(326): CodeIgniter\CodeIgniter->handleRequest(NULL, Object(Config\Cache), false)
#8 C:\xampp\htdocs\pemsim\public\index.php(37): CodeIgniter\CodeIgniter->run()
#9 C:\xampp\htdocs\pemsim\system\Commands\Server\rewrite.php(43): require_once('C:\\xampp\\htdocs...')
#10 {main}
CRITICAL - 2022-04-13 15:31:19 --> Undefined variable: validation
#0 C:\xampp\htdocs\pemsim\app\Views\input_manual_hasil.php(39): CodeIgniter\Debug\Exceptions->errorHandler(8, 'Undefined varia...', 'C:\\xampp\\htdocs...', 39, Array)
#1 C:\xampp\htdocs\pemsim\system\View\View.php(210): include('C:\\xampp\\htdocs...')
#2 C:\xampp\htdocs\pemsim\system\View\View.php(213): CodeIgniter\View\View->CodeIgniter\View\{closure}()
#3 C:\xampp\htdocs\pemsim\system\Common.php(1089): CodeIgniter\View\View->render('input_manual_ha...', Array, true)
#4 C:\xampp\htdocs\pemsim\app\Controllers\Home.php(115): view('input_manual_ha...', Array)
#5 C:\xampp\htdocs\pemsim\system\CodeIgniter.php(832): App\Controllers\Home->input_hasil()
#6 C:\xampp\htdocs\pemsim\system\CodeIgniter.php(419): CodeIgniter\CodeIgniter->runController(Object(App\Controllers\Home))
#7 C:\xampp\htdocs\pemsim\system\CodeIgniter.php(326): CodeIgniter\CodeIgniter->handleRequest(NULL, Object(Config\Cache), false)
#8 C:\xampp\htdocs\pemsim\public\index.php(37): CodeIgniter\CodeIgniter->run()
#9 C:\xampp\htdocs\pemsim\system\Commands\Server\rewrite.php(43): require_once('C:\\xampp\\htdocs...')
#10 {main}
CRITICAL - 2022-04-13 15:32:43 --> Undefined variable: validation
#0 C:\xampp\htdocs\pemsim\app\Views\input_manual_hasil.php(39): CodeIgniter\Debug\Exceptions->errorHandler(8, 'Undefined varia...', 'C:\\xampp\\htdocs...', 39, Array)
#1 C:\xampp\htdocs\pemsim\system\View\View.php(210): include('C:\\xampp\\htdocs...')
#2 C:\xampp\htdocs\pemsim\system\View\View.php(213): CodeIgniter\View\View->CodeIgniter\View\{closure}()
#3 C:\xampp\htdocs\pemsim\system\Common.php(1089): CodeIgniter\View\View->render('input_manual_ha...', Array, true)
#4 C:\xampp\htdocs\pemsim\app\Controllers\Home.php(115): view('input_manual_ha...', Array)
#5 C:\xampp\htdocs\pemsim\system\CodeIgniter.php(832): App\Controllers\Home->input_hasil()
#6 C:\xampp\htdocs\pemsim\system\CodeIgniter.php(419): CodeIgniter\CodeIgniter->runController(Object(App\Controllers\Home))
#7 C:\xampp\htdocs\pemsim\system\CodeIgniter.php(326): CodeIgniter\CodeIgniter->handleRequest(NULL, Object(Config\Cache), false)
#8 C:\xampp\htdocs\pemsim\public\index.php(37): CodeIgniter\CodeIgniter->run()
#9 C:\xampp\htdocs\pemsim\system\Commands\Server\rewrite.php(43): require_once('C:\\xampp\\htdocs...')
#10 {main}
CRITICAL - 2022-04-13 15:40:29 --> Undefined variable: validation
#0 C:\xampp\htdocs\pemsim\app\Views\input_manual_hasil.php(39): CodeIgniter\Debug\Exceptions->errorHandler(8, 'Undefined varia...', 'C:\\xampp\\htdocs...', 39, Array)
#1 C:\xampp\htdocs\pemsim\system\View\View.php(210): include('C:\\xampp\\htdocs...')
#2 C:\xampp\htdocs\pemsim\system\View\View.php(213): CodeIgniter\View\View->CodeIgniter\View\{closure}()
#3 C:\xampp\htdocs\pemsim\system\Common.php(1089): CodeIgniter\View\View->render('input_manual_ha...', Array, true)
#4 C:\xampp\htdocs\pemsim\app\Controllers\Home.php(175): view('input_manual_ha...', Array)
#5 C:\xampp\htdocs\pemsim\system\CodeIgniter.php(832): App\Controllers\Home->hasil_final()
#6 C:\xampp\htdocs\pemsim\system\CodeIgniter.php(419): CodeIgniter\CodeIgniter->runController(Object(App\Controllers\Home))
#7 C:\xampp\htdocs\pemsim\system\CodeIgniter.php(326): CodeIgniter\CodeIgniter->handleRequest(NULL, Object(Config\Cache), false)
#8 C:\xampp\htdocs\pemsim\public\index.php(37): CodeIgniter\CodeIgniter->run()
#9 C:\xampp\htdocs\pemsim\system\Commands\Server\rewrite.php(43): require_once('C:\\xampp\\htdocs...')
#10 {main}
CRITICAL - 2022-04-13 16:24:36 --> A non-numeric value encountered
#0 C:\xampp\htdocs\pemsim\app\Controllers\Home.php(120): CodeIgniter\Debug\Exceptions->errorHandler(2, 'A non-numeric v...', 'C:\\xampp\\htdocs...', 120, Array)
#1 C:\xampp\htdocs\pemsim\system\CodeIgniter.php(832): App\Controllers\Home->hasil_final()
#2 C:\xampp\htdocs\pemsim\system\CodeIgniter.php(419): CodeIgniter\CodeIgniter->runController(Object(App\Controllers\Home))
#3 C:\xampp\htdocs\pemsim\system\CodeIgniter.php(326): CodeIgniter\CodeIgniter->handleRequest(NULL, Object(Config\Cache), false)
#4 C:\xampp\htdocs\pemsim\public\index.php(37): CodeIgniter\CodeIgniter->run()
#5 C:\xampp\htdocs\pemsim\system\Commands\Server\rewrite.php(43): require_once('C:\\xampp\\htdocs...')
#6 {main}
CRITICAL - 2022-04-13 17:15:24 --> Undefined variable: input
#0 C:\xampp\htdocs\pemsim\app\Views\input_manual_hasil.php(71): CodeIgniter\Debug\Exceptions->errorHandler(8, 'Undefined varia...', 'C:\\xampp\\htdocs...', 71, Array)
#1 C:\xampp\htdocs\pemsim\system\View\View.php(210): include('C:\\xampp\\htdocs...')
#2 C:\xampp\htdocs\pemsim\system\View\View.php(213): CodeIgniter\View\View->CodeIgniter\View\{closure}()
#3 C:\xampp\htdocs\pemsim\system\Common.php(1089): CodeIgniter\View\View->render('input_manual_ha...', Array, true)
#4 C:\xampp\htdocs\pemsim\app\Controllers\Home.php(161): view('input_manual_ha...', Array)
#5 C:\xampp\htdocs\pemsim\system\CodeIgniter.php(832): App\Controllers\Home->hasil_final()
#6 C:\xampp\htdocs\pemsim\system\CodeIgniter.php(419): CodeIgniter\CodeIgniter->runController(Object(App\Controllers\Home))
#7 C:\xampp\htdocs\pemsim\system\CodeIgniter.php(326): CodeIgniter\CodeIgniter->handleRequest(NULL, Object(Config\Cache), false)
#8 C:\xampp\htdocs\pemsim\public\index.php(37): CodeIgniter\CodeIgniter->run()
#9 C:\xampp\htdocs\pemsim\system\Commands\Server\rewrite.php(43): require_once('C:\\xampp\\htdocs...')
#10 {main}
CRITICAL - 2022-04-13 17:22:46 --> Undefined variable: input
#0 C:\xampp\htdocs\pemsim\app\Views\input_manual_hasil.php(72): CodeIgniter\Debug\Exceptions->errorHandler(8, 'Undefined varia...', 'C:\\xampp\\htdocs...', 72, Array)
#1 C:\xampp\htdocs\pemsim\system\View\View.php(210): include('C:\\xampp\\htdocs...')
#2 C:\xampp\htdocs\pemsim\system\View\View.php(213): CodeIgniter\View\View->CodeIgniter\View\{closure}()
#3 C:\xampp\htdocs\pemsim\system\Common.php(1089): CodeIgniter\View\View->render('input_manual_ha...', Array, true)
#4 C:\xampp\htdocs\pemsim\app\Controllers\Home.php(161): view('input_manual_ha...', Array)
#5 C:\xampp\htdocs\pemsim\system\CodeIgniter.php(832): App\Controllers\Home->hasil_final()
#6 C:\xampp\htdocs\pemsim\system\CodeIgniter.php(419): CodeIgniter\CodeIgniter->runController(Object(App\Controllers\Home))
#7 C:\xampp\htdocs\pemsim\system\CodeIgniter.php(326): CodeIgniter\CodeIgniter->handleRequest(NULL, Object(Config\Cache), false)
#8 C:\xampp\htdocs\pemsim\public\index.php(37): CodeIgniter\CodeIgniter->run()
#9 C:\xampp\htdocs\pemsim\system\Commands\Server\rewrite.php(43): require_once('C:\\xampp\\htdocs...')
#10 {main}
CRITICAL - 2022-04-13 18:13:08 --> Undefined variable: input
#0 C:\xampp\htdocs\pemsim\app\Views\input_excel.php(42): CodeIgniter\Debug\Exceptions->errorHandler(8, 'Undefined varia...', 'C:\\xampp\\htdocs...', 42, Array)
#1 C:\xampp\htdocs\pemsim\system\View\View.php(210): include('C:\\xampp\\htdocs...')
#2 C:\xampp\htdocs\pemsim\system\View\View.php(213): CodeIgniter\View\View->CodeIgniter\View\{closure}()
#3 C:\xampp\htdocs\pemsim\system\Common.php(1089): CodeIgniter\View\View->render('input_excel', Array, true)
#4 C:\xampp\htdocs\pemsim\app\Controllers\Home.php(167): view('input_excel')
#5 C:\xampp\htdocs\pemsim\system\CodeIgniter.php(832): App\Controllers\Home->input_excel()
#6 C:\xampp\htdocs\pemsim\system\CodeIgniter.php(419): CodeIgniter\CodeIgniter->runController(Object(App\Controllers\Home))
#7 C:\xampp\htdocs\pemsim\system\CodeIgniter.php(326): CodeIgniter\CodeIgniter->handleRequest(NULL, Object(Config\Cache), false)
#8 C:\xampp\htdocs\pemsim\public\index.php(37): CodeIgniter\CodeIgniter->run()
#9 C:\xampp\htdocs\pemsim\system\Commands\Server\rewrite.php(43): require_once('C:\\xampp\\htdocs...')
#10 {main}
CRITICAL - 2022-04-13 18:41:26 --> Invalid cell coordinate B
#0 C:\xampp\htdocs\pemsim\vendor\phpoffice\phpspreadsheet\src\PhpSpreadsheet\Worksheet\Worksheet.php(1301): PhpOffice\PhpSpreadsheet\Cell\Coordinate::coordinateFromString('B')
#1 C:\xampp\htdocs\pemsim\vendor\phpoffice\phpspreadsheet\src\PhpSpreadsheet\Worksheet\Worksheet.php(1191): PhpOffice\PhpSpreadsheet\Worksheet\Worksheet->createNewCell('B')
#2 C:\xampp\htdocs\pemsim\app\Controllers\Home.php(179): PhpOffice\PhpSpreadsheet\Worksheet\Worksheet->getCell('B')
#3 C:\xampp\htdocs\pemsim\system\CodeIgniter.php(832): App\Controllers\Home->input_excel()
#4 C:\xampp\htdocs\pemsim\system\CodeIgniter.php(419): CodeIgniter\CodeIgniter->runController(Object(App\Controllers\Home))
#5 C:\xampp\htdocs\pemsim\system\CodeIgniter.php(326): CodeIgniter\CodeIgniter->handleRequest(NULL, Object(Config\Cache), false)
#6 C:\xampp\htdocs\pemsim\public\index.php(37): CodeIgniter\CodeIgniter->run()
#7 C:\xampp\htdocs\pemsim\system\Commands\Server\rewrite.php(43): require_once('C:\\xampp\\htdocs...')
#8 {main}
